<?xml version="1.0" encoding="UTF-8"?>
<!-- Generated by org.testng.reporters.JUnitXMLReporter -->
<testsuite hostname="LAPTOP-A66B7O37" ignored="0" name="Default test" tests="3" failures="0" timestamp="2020-05-26T18:42:55 IST" time="27.164" errors="0">
  <testcase name="verifyHomePageHeader" time="9.794" classname="com.qa.hubspot.tests.HomePageTest"/>
  <testcase name="verifyLoggedInUserTest" time="0.099" classname="com.qa.hubspot.tests.HomePageTest"/>
  <testcase name="verifyHomePageTitle" time="0.01" classname="com.qa.hubspot.tests.HomePageTest"/>
</testsuite> <!-- Default test -->
