<?xml version="1.0" encoding="UTF-8"?>
<!-- Generated by org.testng.reporters.JUnitXMLReporter -->
<testsuite hostname="LAPTOP-A66B7O37" ignored="0" name="Home Page Test" tests="3" failures="0" timestamp="2020-05-26T18:59:36 IST" time="37.56" errors="0">
  <testcase name="verifyHomePageHeader" time="16.505" classname="com.qa.hubspot.tests.HomePageTest"/>
  <testcase name="verifyLoggedInUserTest" time="0.049" classname="com.qa.hubspot.tests.HomePageTest"/>
  <testcase name="verifyHomePageTitle" time="0.006" classname="com.qa.hubspot.tests.HomePageTest"/>
</testsuite> <!-- Home Page Test -->
