<?xml version="1.0" encoding="UTF-8"?>
<!-- Generated by org.testng.reporters.JUnitXMLReporter -->
<testsuite hostname="LAPTOP-A66B7O37" ignored="0" name="Login Page Test" tests="3" failures="0" timestamp="2020-05-26T18:59:17 IST" time="18.064" errors="0">
  <testcase name="veriySignUpLinkTest" time="9.426" classname="com.qa.hubspot.tests.LoginPageTest"/>
  <testcase name="verifyLoginPageTitleTest" time="0.006" classname="com.qa.hubspot.tests.LoginPageTest"/>
  <testcase name="loginTest" time="0.406" classname="com.qa.hubspot.tests.LoginPageTest"/>
</testsuite> <!-- Login Page Test -->
